User-defined configuration file (./nvsim.RRAM.ReadEDP.cfg) is loaded

Memory Cell: RRAM (Memristor)
Cell Area (F^2)    : 4.000 (2.000Fx2.000F)
Cell Aspect Ratio  : 1.000
Cell Turned-On Resistance : 1.000Mohm
Cell Turned-Off Resistance: 10.000Mohm
Read Mode: Current-Sensing
  - Read Voltage: 0.400V
Reset Mode: Voltage
  - Reset Voltage: 2.000V
  - Reset Pulse: 10.000ns
Set Mode: Voltage
  - Set Voltage: 2.000V
  - Set Pulse: 10.000ns
Access Type: None Access Device

====================
DESIGN SPECIFICATION
====================
Design Target: Random Access Memory
Capacity   : 8MB
Data Width : 64Bits (8Bytes)

Searching for the best solution that is optimized for read energy-delay-product ...

=============
CONFIGURATION
=============
Bank Organization: 32 x 2
 - Row Activation   : 1 / 32
 - Column Activation: 1 / 2
Mat Organization: 2 x 2
 - Row Activation   : 2 / 2
 - Column Activation: 2 / 2
 - Subarray Size    : 256 Rows x 1024 Columns
Mux Level:
 - Senseamp Mux      : 64
 - Output Level-1 Mux: 1
 - Output Level-2 Mux: 1
Local Wire:
 - Wire Type : Local Aggressive
 - Repeater Type: No Repeaters
 - Low Swing : No
Global Wire:
 - Wire Type : Global Aggressive
 - Repeater Type: No Repeaters
 - Low Swing : No
Buffer Design Style: Latency-Optimized
=============
   RESULT
=============
Area:
 - Total Area = 1.356mm x 343.681um = 465897.103um^2
 |--- Mat Area      = 42.363um x 171.841um = 7279.642um^2   (27.887%)
 |--- Subarray Area = 21.181um x 82.324um = 1743.736um^2   (29.105%)
 - Area Efficiency = 27.887%
Timing:
 -  Read Latency = 2.159ns
 |--- H-Tree Latency = 210.234ps
 |--- Mat Latency    = 1.949ns
    |--- Predecoder Latency = 63.834ps
    |--- Subarray Latency   = 1.885ns
       |--- Row Decoder Latency = 201.586ps
       |--- Bitline Latency     = 7.523ps
       |--- Senseamp Latency    = 1.453ns
       |--- Mux Latency         = 37.140ps
       |--- Precharge Latency   = 213.185ps
 - Write Latency = 20.670ns
 |--- H-Tree Latency = 105.117ps
 |--- Mat Latency    = 20.565ns
    |--- Predecoder Latency = 63.834ps
    |--- Subarray Latency   = 20.501ns
       |--- Row Decoder Latency = 201.586ps
       |--- Charge Latency      = 56.759ps
 - Read Bandwidth  = 4.218GB/s
 - Write Bandwidth = 390.221MB/s
Power:
 -  Read Dynamic Energy = 30.992pJ
 |--- H-Tree Dynamic Energy = 16.310pJ
 |--- Mat Dynamic Energy    = 14.682pJ per mat
    |--- Predecoder Dynamic Energy = 0.066pJ
    |--- Subarray Dynamic Energy   = 3.654pJ per active subarray
       |--- Row Decoder Dynamic Energy = 0.104pJ
       |--- Mux Decoder Dynamic Energy = 0.674pJ
       |--- Bitline & Cell Read Energy = 0.007pJ
       |--- Senseamp Dynamic Energy    = 2.407pJ
       |--- Mux Dynamic Energy         = 0.073pJ
       |--- Precharge Dynamic Energy   = 0.389pJ
 - Write Dynamic Energy = 65.882pJ
 |--- H-Tree Dynamic Energy = 16.310pJ
 |--- Mat Dynamic Energy    = 49.572pJ per mat
    |--- Predecoder Dynamic Energy = 0.066pJ
    |--- Subarray Dynamic Energy   = 12.376pJ per active subarray
       |--- Row Decoder Dynamic Energy = 0.104pJ
       |--- Mux Decoder Dynamic Energy = 0.674pJ
       |--- Mux Dynamic Energy         = 0.073pJ
 - Leakage Power = 377.108mW
 |--- H-Tree Leakage Power = 0.000pW
 |--- Mat Leakage Power    = 5.892mW per mat

Finished!
