User-defined configuration file (./nvsim.RRAM.Area.cfg) is loaded

Memory Cell: RRAM (Memristor)
Cell Area (F^2)    : 4.000 (2.000Fx2.000F)
Cell Aspect Ratio  : 1.000
Cell Turned-On Resistance : 1.000Mohm
Cell Turned-Off Resistance: 10.000Mohm
Read Mode: Current-Sensing
  - Read Voltage: 0.400V
Reset Mode: Voltage
  - Reset Voltage: 2.000V
  - Reset Pulse: 10.000ns
Set Mode: Voltage
  - Set Voltage: 2.000V
  - Set Pulse: 10.000ns
Access Type: None Access Device

====================
DESIGN SPECIFICATION
====================
Design Target: Random Access Memory
Capacity   : 8MB
Data Width : 64Bits (8Bytes)

Searching for the best solution that is optimized for area ...

=============
CONFIGURATION
=============
Bank Organization: 1 x 4
 - Row Activation   : 1 / 1
 - Column Activation: 2 / 4
Mat Organization: 2 x 2
 - Row Activation   : 2 / 2
 - Column Activation: 2 / 2
 - Subarray Size    : 2048 Rows x 2048 Columns
Mux Level:
 - Senseamp Mux      : 256
 - Output Level-1 Mux: 1
 - Output Level-2 Mux: 1
Local Wire:
 - Wire Type : Local Aggressive
 - Repeater Type: No Repeaters
 - Low Swing : No
Global Wire:
 - Wire Type : Global Aggressive
 - Repeater Type: No Repeaters
 - Low Swing : No
Buffer Design Style: Latency-Optimized
=============
   RESULT
=============
Area:
 - Total Area = 188.264um x 1.076mm = 202552.309um^2
 |--- Mat Area      = 188.264um x 268.974um = 50638.077um^2   (64.143%)
 |--- Subarray Area = 94.132um x 127.380um = 11990.543um^2   (67.721%)
 - Area Efficiency = 64.143%
Timing:
 -  Read Latency = 11.586ns
 |--- H-Tree Latency = 416.661ps
 |--- Mat Latency    = 11.169ns
    |--- Predecoder Latency = 81.313ps
    |--- Subarray Latency   = 11.088ns
       |--- Row Decoder Latency = 588.530ps
       |--- Bitline Latency     = 481.320ps
       |--- Senseamp Latency    = 1.453ns
       |--- Mux Latency         = 75.733ps
       |--- Precharge Latency   = 2.050ns
 - Write Latency = 30.432ns
 |--- H-Tree Latency = 208.331ps
 |--- Mat Latency    = 30.224ns
    |--- Predecoder Latency = 81.313ps
    |--- Subarray Latency   = 30.143ns
       |--- Row Decoder Latency = 588.530ps
       |--- Charge Latency      = 532.180ps
 - Read Bandwidth  = 637.497MB/s
 - Write Bandwidth = 265.406MB/s
Power:
 -  Read Dynamic Energy = 116.335pJ
 |--- H-Tree Dynamic Energy = 17.450pJ
 |--- Mat Dynamic Energy    = 49.443pJ per mat
    |--- Predecoder Dynamic Energy = 0.128pJ
    |--- Subarray Dynamic Energy   = 12.329pJ per active subarray
       |--- Row Decoder Dynamic Energy = 0.197pJ
       |--- Mux Decoder Dynamic Energy = 9.580pJ
       |--- Bitline & Cell Read Energy = 0.004pJ
       |--- Senseamp Dynamic Energy    = 1.203pJ
       |--- Mux Dynamic Energy         = 0.576pJ
       |--- Precharge Dynamic Energy   = 0.767pJ
 - Write Dynamic Energy = 202.564pJ
 |--- H-Tree Dynamic Energy = 17.450pJ
 |--- Mat Dynamic Energy    = 92.557pJ per mat
    |--- Predecoder Dynamic Energy = 0.128pJ
    |--- Subarray Dynamic Energy   = 23.107pJ per active subarray
       |--- Row Decoder Dynamic Energy = 0.197pJ
       |--- Mux Decoder Dynamic Energy = 9.580pJ
       |--- Mux Dynamic Energy         = 0.576pJ
 - Leakage Power = 162.125mW
 |--- H-Tree Leakage Power = 0.000pW
 |--- Mat Leakage Power    = 40.531mW per mat

Finished!
