User-defined configuration file (./nvsim.STTRAM.ReadLatency.cfg) is loaded

Memory Cell: MRAM (Magnetoresistive)
Cell Area (F^2)    : 54.000 (5.400Fx10.000F)
Cell Aspect Ratio  : 0.540
Cell Turned-On Resistance : 3.000Kohm
Cell Turned-Off Resistance: 6.000Kohm
Read Mode: Current-Sensing
  - Read Voltage: 0.250V
Reset Mode: Current
  - Reset Current: 80.000uA
  - Reset Pulse: 10.000ns
Set Mode: Current
  - Set Current: 80.000uA
  - Set Pulse: 10.000ns
Access Type: CMOS

====================
DESIGN SPECIFICATION
====================
Design Target: Random Access Memory
Capacity   : 8MB
Data Width : 64Bits (8Bytes)

Searching for the best solution that is optimized for read latency ...

=============
CONFIGURATION
=============
Bank Organization: 64 x 8
 - Row Activation   : 16 / 64
 - Column Activation: 1 / 8
Mat Organization: 1 x 2
 - Row Activation   : 1 / 1
 - Column Activation: 2 / 2
 - Subarray Size    : 256 Rows x 256 Columns
Mux Level:
 - Senseamp Mux      : 128
 - Output Level-1 Mux: 1
 - Output Level-2 Mux: 1
Local Wire:
 - Wire Type : Local Aggressive
 - Repeater Type: No Repeaters
 - Low Swing : No
Global Wire:
 - Wire Type : Global Aggressive
 - Repeater Type: No Repeaters
 - Low Swing : No
Buffer Design Style: Latency-Optimized
=============
   RESULT
=============
Area:
 - Total Area = 2.120mm x 1.181mm = 2.503mm^2
 |--- Mat Area      = 33.130um x 147.569um = 4888.892um^2   (70.071%)
 |--- Subarray Area = 33.130um x 70.123um = 2323.148um^2   (73.730%)
 - Area Efficiency = 70.071%
Timing:
 -  Read Latency = 2.659ns
 |--- H-Tree Latency = 958.165ps
 |--- Mat Latency    = 1.701ns
    |--- Predecoder Latency = 62.340ps
    |--- Subarray Latency   = 1.639ns
       |--- Row Decoder Latency = 144.901ps
       |--- Bitline Latency     = 10.968ps
       |--- Senseamp Latency    = 1.454ns
       |--- Mux Latency         = 28.939ps
       |--- Precharge Latency   = 140.270ps
 - Write Latency = 10.686ns
 |--- H-Tree Latency = 479.082ps
 |--- Mat Latency    = 10.207ns
    |--- Predecoder Latency = 62.340ps
    |--- Subarray Latency   = 10.145ns
       |--- Write Pulse Duration = 10.000ns
       |--- Row Decoder Latency = 144.901ps
       |--- Charge Latency      = 19.784ps
 - Read Bandwidth  = 4.896GB/s
 - Write Bandwidth = 788.573MB/s
Power:
 -  Read Dynamic Energy = 114.598pJ
 |--- H-Tree Dynamic Energy = 89.004pJ
 |--- Mat Dynamic Energy    = 1.600pJ per mat
    |--- Predecoder Dynamic Energy = 0.058pJ
    |--- Subarray Dynamic Energy   = 0.771pJ per active subarray
       |--- Row Decoder Dynamic Energy = 0.058pJ
       |--- Mux Decoder Dynamic Energy = 0.086pJ
       |--- Bitline & Cell Read Energy = 0.174pJ
       |--- Senseamp Dynamic Energy    = 0.301pJ
       |--- Mux Dynamic Energy         = 0.029pJ
       |--- Precharge Dynamic Energy   = 0.113pJ
 - Write Dynamic Energy = 160.393pJ
 |--- H-Tree Dynamic Energy = 89.004pJ
 |--- Mat Dynamic Energy    = 4.462pJ per mat
    |--- Predecoder Dynamic Energy = 0.058pJ
    |--- Subarray Dynamic Energy   = 2.202pJ per active subarray
       |--- Row Decoder Dynamic Energy = 0.058pJ
       |--- Mux Decoder Dynamic Energy = 0.086pJ
       |--- Mux Dynamic Energy         = 0.029pJ
       |--- Bitline & Cell Write Energy= 2.029pJ
 - Leakage Power = 1.583W
 |--- H-Tree Leakage Power = 0.000pW
 |--- Mat Leakage Power    = 3.092mW per mat

Finished!
